<?xml version="1.0" encoding="UTF-8"?>
<!-- Generated by org.testng.reporters.JUnitReportReporter -->
<testsuite hostname="DESKTOP-OHQG59I" failures="0" tests="1" name="tests.SirishaRanga_TC14_VerifySelectableDefaultfunctionality" time="22.862" errors="0" timestamp="2022-07-16T18:19:47 IST" skipped="0">
  <testcase classname="tests.SirishaRanga_TC14_VerifySelectableDefaultfunctionality" name="sirisharanga_TC14_VerifySelectableDefaultfunctionality" time="22.862"/>
  <system-out/>
</testsuite> <!-- tests.SirishaRanga_TC14_VerifySelectableDefaultfunctionality -->
