<?xml version="1.0" encoding="UTF-8"?>
<!-- Generated by org.testng.reporters.JUnitReportReporter -->
<testsuite hostname="DESKTOP-OHQG59I" failures="0" tests="1" name="tests.SirishaRanga_TC04_VerifyAlertWithOK" time="20.325" errors="0" timestamp="2022-07-15T13:29:47 IST" skipped="0">
  <testcase classname="tests.SirishaRanga_TC04_VerifyAlertWithOK" name="sirisharanga_TC04_VerifyAlertWithOK" time="20.325"/>
  <system-out/>
</testsuite> <!-- tests.SirishaRanga_TC04_VerifyAlertWithOK -->
