<?xml version="1.0" encoding="UTF-8"?>
<!-- Generated by org.testng.reporters.JUnitReportReporter -->
<testsuite hostname="DESKTOP-OHQG59I" failures="0" tests="1" name="tests.SirishaRanga_TC08_VerifyNewSeparateWindows" time="154.767" errors="0" timestamp="2022-07-16T18:43:10 IST" skipped="0">
  <testcase classname="tests.SirishaRanga_TC08_VerifyNewSeparateWindows" name="sirisharanga_TC08_VerifyNewSeparateWindows" time="154.767"/>
  <system-out/>
</testsuite> <!-- tests.SirishaRanga_TC08_VerifyNewSeparateWindows -->
