<?xml version="1.0" encoding="UTF-8"?>
<!-- Generated by org.testng.reporters.JUnitReportReporter -->
<testsuite hostname="DESKTOP-OHQG59I" failures="0" tests="1" name="tests.SirishaRanga_TC12_VerifyDatePickerDisabled" time="27.784" errors="0" timestamp="2022-07-16T19:37:24 IST" skipped="0">
  <testcase classname="tests.SirishaRanga_TC12_VerifyDatePickerDisabled" name="sirisharanga_TC04_VerifyAlertWithOK" time="27.784"/>
  <system-out/>
</testsuite> <!-- tests.SirishaRanga_TC12_VerifyDatePickerDisabled -->
