<?xml version="1.0" encoding="UTF-8"?>
<!-- Generated by org.testng.reporters.JUnitReportReporter -->
<testsuite hostname="DESKTOP-OHQG59I" failures="0" tests="1" name="tests.SirishaRanga_TC05_VerifyAlertWithOkandCancel" time="24.504" errors="0" timestamp="2022-07-15T13:37:30 IST" skipped="0">
  <testcase classname="tests.SirishaRanga_TC05_VerifyAlertWithOkandCancel" name="sirisharanga_TC05_VerifyAlertWithOkandCancel" time="24.504"/>
  <system-out/>
</testsuite> <!-- tests.SirishaRanga_TC05_VerifyAlertWithOkandCancel -->
