<?xml version="1.0" encoding="UTF-8"?>
<!-- Generated by org.testng.reporters.JUnitReportReporter -->
<testsuite hostname="DESKTOP-OHQG59I" failures="0" tests="1" name="tests.SirishaRanga_TC15_VerifySelectableSerializable" time="32.007" errors="0" timestamp="2022-07-16T17:54:06 IST" skipped="0">
  <testcase classname="tests.SirishaRanga_TC15_VerifySelectableSerializable" name="sirisharanga_TC15_VerifySelectableSerializable" time="32.007"/>
  <system-out/>
</testsuite> <!-- tests.SirishaRanga_TC15_VerifySelectableSerializable -->
