<?xml version="1.0" encoding="UTF-8"?>
<!-- Generated by org.testng.reporters.JUnitReportReporter -->
<testsuite hostname="DESKTOP-OHQG59I" failures="0" tests="1" name="tests.FirstTest" time="0.033" errors="0" timestamp="2022-07-13T20:52:16 IST" skipped="0">
  <testcase classname="tests.FirstTest" name="test1" time="0.033"/>
  <system-out/>
</testsuite> <!-- tests.FirstTest -->
