<?xml version="1.0" encoding="UTF-8"?>
<!-- Generated by org.testng.reporters.JUnitReportReporter -->
<testsuite hostname="DESKTOP-OHQG59I" failures="0" tests="1" name="tests.SirishaRanga_TC09_VerifyNewseparateMultipleWindows" time="77.818" errors="0" timestamp="2022-07-16T18:50:34 IST" skipped="0">
  <testcase classname="tests.SirishaRanga_TC09_VerifyNewseparateMultipleWindows" name="sirisharanga_TC06_VerifyNewseparateMultipleWindows" time="77.818"/>
  <system-out/>
</testsuite> <!-- tests.SirishaRanga_TC09_VerifyNewseparateMultipleWindows -->
