<?xml version="1.0" encoding="UTF-8"?>
<!-- Generated by org.testng.reporters.JUnitReportReporter -->
<testsuite hostname="DESKTOP-OHQG59I" failures="0" tests="1" name="tests.SirishaRanga_TC07_VerifyNewTabbedWindows" time="26.635" errors="0" timestamp="2022-07-16T18:32:42 IST" skipped="0">
  <testcase classname="tests.SirishaRanga_TC07_VerifyNewTabbedWindows" name="sirisharanga_TC06_VerifyNewTabbedWindows" time="26.635"/>
  <system-out/>
</testsuite> <!-- tests.SirishaRanga_TC07_VerifyNewTabbedWindows -->
