<?xml version="1.0" encoding="UTF-8"?>
<!-- Generated by org.testng.reporters.JUnitReportReporter -->
<testsuite hostname="DESKTOP-OHQG59I" failures="0" tests="1" name="tests.SirishaRanga_TC10_VerifySingleIframe" time="22.694" errors="0" timestamp="2022-07-16T18:59:13 IST" skipped="0">
  <testcase classname="tests.SirishaRanga_TC10_VerifySingleIframe" name="sirisharanga_TC04_VerifyAlertWithOK" time="22.694"/>
  <system-out/>
</testsuite> <!-- tests.SirishaRanga_TC10_VerifySingleIframe -->
